{"/mnt/c/Users/1/Desktop/Обучение/Frontend/HEXLET/frontend-project-lvl2/src/getFixturePathFile.js": {"path":"/mnt/c/Users/1/Desktop/Обучение/Frontend/HEXLET/frontend-project-lvl2/src/getFixturePathFile.js","all":false,"statementMap":{"0":{"start":{"line":1,"column":0},"end":{"line":1,"column":36}},"1":{"start":{"line":2,"column":0},"end":{"line":2,"column":29}},"2":{"start":{"line":3,"column":0},"end":{"line":3,"column":31}},"3":{"start":{"line":4,"column":0},"end":{"line":4,"column":0}},"4":{"start":{"line":5,"column":0},"end":{"line":5,"column":42}},"5":{"start":{"line":6,"column":0},"end":{"line":6,"column":51}},"6":{"start":{"line":7,"column":0},"end":{"line":7,"column":40}},"7":{"start":{"line":8,"column":0},"end":{"line":8,"column":0}},"8":{"start":{"line":9,"column":0},"end":{"line":9,"column":61}},"9":{"start":{"line":10,"column":0},"end":{"line":10,"column":1}},"10":{"start":{"line":11,"column":0},"end":{"line":11,"column":0}},"11":{"start":{"line":12,"column":0},"end":{"line":12,"column":34}}},"s":{"0":1,"1":1,"2":1,"3":1,"4":1,"5":4,"6":4,"7":4,"8":4,"9":4,"10":1,"11":1},"branchMap":{"0":{"type":"branch","line":5,"loc":{"start":{"line":5,"column":28},"end":{"line":10,"column":1}},"locations":[{"start":{"line":5,"column":28},"end":{"line":10,"column":1}}]}},"b":{"0":[4]},"fnMap":{"0":{"name":"getFixturePathFile","decl":{"start":{"line":5,"column":28},"end":{"line":10,"column":1}},"loc":{"start":{"line":5,"column":28},"end":{"line":10,"column":1}},"line":5}},"f":{"0":4}}
,"/mnt/c/Users/1/Desktop/Обучение/Frontend/HEXLET/frontend-project-lvl2/src/parsers.js": {"path":"/mnt/c/Users/1/Desktop/Обучение/Frontend/HEXLET/frontend-project-lvl2/src/parsers.js","all":false,"statementMap":{"0":{"start":{"line":1,"column":0},"end":{"line":1,"column":29}},"1":{"start":{"line":2,"column":0},"end":{"line":2,"column":27}},"2":{"start":{"line":3,"column":0},"end":{"line":3,"column":0}},"3":{"start":{"line":4,"column":0},"end":{"line":4,"column":25}},"4":{"start":{"line":5,"column":0},"end":{"line":5,"column":35}},"5":{"start":{"line":6,"column":0},"end":{"line":6,"column":0}},"6":{"start":{"line":7,"column":0},"end":{"line":7,"column":11}},"7":{"start":{"line":8,"column":0},"end":{"line":8,"column":27}},"8":{"start":{"line":9,"column":0},"end":{"line":9,"column":23}},"9":{"start":{"line":10,"column":0},"end":{"line":10,"column":55}},"10":{"start":{"line":11,"column":0},"end":{"line":11,"column":22}},"11":{"start":{"line":12,"column":0},"end":{"line":12,"column":3}},"12":{"start":{"line":13,"column":0},"end":{"line":13,"column":0}},"13":{"start":{"line":14,"column":0},"end":{"line":14,"column":14}},"14":{"start":{"line":15,"column":0},"end":{"line":15,"column":2}},"15":{"start":{"line":16,"column":0},"end":{"line":16,"column":0}},"16":{"start":{"line":17,"column":0},"end":{"line":17,"column":21}}},"s":{"0":1,"1":1,"2":1,"3":1,"4":4,"5":4,"6":4,"7":4,"8":2,"9":2,"10":2,"11":2,"12":4,"13":4,"14":4,"15":1,"16":1},"branchMap":{"0":{"type":"branch","line":4,"loc":{"start":{"line":4,"column":15},"end":{"line":15,"column":2}},"locations":[{"start":{"line":4,"column":15},"end":{"line":15,"column":2}}]},"1":{"type":"branch","line":8,"loc":{"start":{"line":8,"column":26},"end":{"line":12,"column":3}},"locations":[{"start":{"line":8,"column":26},"end":{"line":12,"column":3}}]},"2":{"type":"branch","line":10,"loc":{"start":{"line":10,"column":13},"end":{"line":10,"column":54}},"locations":[{"start":{"line":10,"column":13},"end":{"line":10,"column":54}}]}},"b":{"0":[4],"1":[2],"2":[1]},"fnMap":{"0":{"name":"parse","decl":{"start":{"line":4,"column":15},"end":{"line":15,"column":2}},"loc":{"start":{"line":4,"column":15},"end":{"line":15,"column":2}},"line":4}},"f":{"0":4}}
,"/mnt/c/Users/1/Desktop/Обучение/Frontend/HEXLET/frontend-project-lvl2/src/utils.js": {"path":"/mnt/c/Users/1/Desktop/Обучение/Frontend/HEXLET/frontend-project-lvl2/src/utils.js","all":false,"statementMap":{"0":{"start":{"line":1,"column":0},"end":{"line":1,"column":23}},"1":{"start":{"line":2,"column":0},"end":{"line":2,"column":29}},"2":{"start":{"line":3,"column":0},"end":{"line":3,"column":34}},"3":{"start":{"line":4,"column":0},"end":{"line":4,"column":33}},"4":{"start":{"line":5,"column":0},"end":{"line":5,"column":0}},"5":{"start":{"line":6,"column":0},"end":{"line":6,"column":63}},"6":{"start":{"line":7,"column":0},"end":{"line":7,"column":0}},"7":{"start":{"line":8,"column":0},"end":{"line":8,"column":27}},"8":{"start":{"line":9,"column":0},"end":{"line":9,"column":37}},"9":{"start":{"line":10,"column":0},"end":{"line":10,"column":33}},"10":{"start":{"line":11,"column":0},"end":{"line":11,"column":1}},"11":{"start":{"line":12,"column":0},"end":{"line":12,"column":31}},"12":{"start":{"line":13,"column":0},"end":{"line":13,"column":2}},"13":{"start":{"line":14,"column":0},"end":{"line":14,"column":0}},"14":{"start":{"line":15,"column":0},"end":{"line":15,"column":35}},"15":{"start":{"line":16,"column":0},"end":{"line":16,"column":35}},"16":{"start":{"line":17,"column":0},"end":{"line":17,"column":35}},"17":{"start":{"line":18,"column":0},"end":{"line":18,"column":0}},"18":{"start":{"line":19,"column":0},"end":{"line":19,"column":43}},"19":{"start":{"line":20,"column":0},"end":{"line":20,"column":43}},"20":{"start":{"line":21,"column":0},"end":{"line":21,"column":64}},"21":{"start":{"line":22,"column":0},"end":{"line":22,"column":0}},"22":{"start":{"line":23,"column":0},"end":{"line":23,"column":20}},"23":{"start":{"line":24,"column":0},"end":{"line":24,"column":0}},"24":{"start":{"line":25,"column":0},"end":{"line":25,"column":49}},"25":{"start":{"line":26,"column":0},"end":{"line":26,"column":29}},"26":{"start":{"line":27,"column":0},"end":{"line":27,"column":0}},"27":{"start":{"line":28,"column":0},"end":{"line":28,"column":76}},"28":{"start":{"line":29,"column":0},"end":{"line":29,"column":53}},"29":{"start":{"line":30,"column":0},"end":{"line":30,"column":83}},"30":{"start":{"line":31,"column":0},"end":{"line":31,"column":53}},"31":{"start":{"line":32,"column":0},"end":{"line":32,"column":82}},"32":{"start":{"line":33,"column":0},"end":{"line":33,"column":48}},"33":{"start":{"line":34,"column":0},"end":{"line":34,"column":53}},"34":{"start":{"line":35,"column":0},"end":{"line":35,"column":14}},"35":{"start":{"line":36,"column":0},"end":{"line":36,"column":55}},"36":{"start":{"line":37,"column":0},"end":{"line":37,"column":55}},"37":{"start":{"line":38,"column":0},"end":{"line":38,"column":7}},"38":{"start":{"line":39,"column":0},"end":{"line":39,"column":5}},"39":{"start":{"line":40,"column":0},"end":{"line":40,"column":3}},"40":{"start":{"line":41,"column":0},"end":{"line":41,"column":0}},"41":{"start":{"line":42,"column":0},"end":{"line":42,"column":42}},"42":{"start":{"line":43,"column":0},"end":{"line":43,"column":2}},"43":{"start":{"line":44,"column":0},"end":{"line":44,"column":0}},"44":{"start":{"line":45,"column":0},"end":{"line":45,"column":23}}},"s":{"0":1,"1":1,"2":1,"3":1,"4":1,"5":1,"6":1,"7":1,"8":4,"9":4,"10":4,"11":4,"12":4,"13":1,"14":1,"15":2,"16":2,"17":2,"18":2,"19":2,"20":2,"21":2,"22":2,"23":2,"24":2,"25":12,"26":12,"27":12,"28":4,"29":12,"30":2,"31":8,"32":4,"33":2,"34":2,"35":2,"36":2,"37":2,"38":4,"39":12,"40":2,"41":2,"42":2,"43":1,"44":1},"branchMap":{"0":{"type":"branch","line":6,"loc":{"start":{"line":6,"column":21},"end":{"line":6,"column":43}},"locations":[{"start":{"line":6,"column":21},"end":{"line":6,"column":43}}]},"1":{"type":"branch","line":8,"loc":{"start":{"line":8,"column":17},"end":{"line":13,"column":2}},"locations":[{"start":{"line":8,"column":17},"end":{"line":13,"column":2}}]},"2":{"type":"branch","line":15,"loc":{"start":{"line":15,"column":16},"end":{"line":43,"column":2}},"locations":[{"start":{"line":15,"column":16},"end":{"line":43,"column":2}}]},"3":{"type":"branch","line":25,"loc":{"start":{"line":25,"column":48},"end":{"line":40,"column":3}},"locations":[{"start":{"line":25,"column":48},"end":{"line":40,"column":3}}]},"4":{"type":"branch","line":28,"loc":{"start":{"line":28,"column":8},"end":{"line":28,"column":49}},"locations":[{"start":{"line":28,"column":8},"end":{"line":28,"column":49}}]},"5":{"type":"branch","line":28,"loc":{"start":{"line":28,"column":75},"end":{"line":30,"column":11}},"locations":[{"start":{"line":28,"column":75},"end":{"line":30,"column":11}}]},"6":{"type":"branch","line":30,"loc":{"start":{"line":30,"column":5},"end":{"line":39,"column":5}},"locations":[{"start":{"line":30,"column":5},"end":{"line":39,"column":5}}]},"7":{"type":"branch","line":30,"loc":{"start":{"line":30,"column":15},"end":{"line":30,"column":56}},"locations":[{"start":{"line":30,"column":15},"end":{"line":30,"column":56}}]},"8":{"type":"branch","line":30,"loc":{"start":{"line":30,"column":82},"end":{"line":32,"column":11}},"locations":[{"start":{"line":30,"column":82},"end":{"line":32,"column":11}}]},"9":{"type":"branch","line":32,"loc":{"start":{"line":32,"column":5},"end":{"line":39,"column":5}},"locations":[{"start":{"line":32,"column":5},"end":{"line":39,"column":5}}]},"10":{"type":"branch","line":32,"loc":{"start":{"line":32,"column":15},"end":{"line":32,"column":55}},"locations":[{"start":{"line":32,"column":15},"end":{"line":32,"column":55}}]},"11":{"type":"branch","line":32,"loc":{"start":{"line":32,"column":81},"end":{"line":39,"column":5}},"locations":[{"start":{"line":32,"column":81},"end":{"line":39,"column":5}}]},"12":{"type":"branch","line":33,"loc":{"start":{"line":33,"column":47},"end":{"line":38,"column":7}},"locations":[{"start":{"line":33,"column":47},"end":{"line":38,"column":7}}]}},"b":{"0":[4],"1":[4],"2":[2],"3":[12],"4":[8],"5":[4],"6":[8],"7":[4],"8":[2],"9":[6],"10":[4],"11":[4],"12":[2]},"fnMap":{"0":{"name":"prepareData","decl":{"start":{"line":6,"column":21},"end":{"line":6,"column":43}},"loc":{"start":{"line":6,"column":21},"end":{"line":6,"column":43}},"line":6},"1":{"name":"getData","decl":{"start":{"line":8,"column":17},"end":{"line":13,"column":2}},"loc":{"start":{"line":8,"column":17},"end":{"line":13,"column":2}},"line":8},"2":{"name":"genDiff","decl":{"start":{"line":15,"column":16},"end":{"line":43,"column":2}},"loc":{"start":{"line":15,"column":16},"end":{"line":43,"column":2}},"line":15}},"f":{"0":4,"1":4,"2":2}}
}
