{"/mnt/c/Users/1/Desktop/Обучение/Frontend/HEXLET/frontend-project-lvl2/src/utils.js": {"path":"/mnt/c/Users/1/Desktop/Обучение/Frontend/HEXLET/frontend-project-lvl2/src/utils.js","all":false,"statementMap":{"0":{"start":{"line":1,"column":0},"end":{"line":1,"column":29}},"1":{"start":{"line":2,"column":0},"end":{"line":2,"column":34}},"2":{"start":{"line":3,"column":0},"end":{"line":3,"column":23}},"3":{"start":{"line":4,"column":0},"end":{"line":4,"column":0}},"4":{"start":{"line":5,"column":0},"end":{"line":5,"column":27}},"5":{"start":{"line":6,"column":0},"end":{"line":6,"column":38}},"6":{"start":{"line":7,"column":0},"end":{"line":7,"column":0}},"7":{"start":{"line":8,"column":0},"end":{"line":8,"column":44}},"8":{"start":{"line":9,"column":0},"end":{"line":9,"column":2}},"9":{"start":{"line":10,"column":0},"end":{"line":10,"column":0}},"10":{"start":{"line":11,"column":0},"end":{"line":11,"column":35}},"11":{"start":{"line":12,"column":0},"end":{"line":12,"column":35}},"12":{"start":{"line":13,"column":0},"end":{"line":13,"column":35}},"13":{"start":{"line":14,"column":0},"end":{"line":14,"column":0}},"14":{"start":{"line":15,"column":0},"end":{"line":15,"column":43}},"15":{"start":{"line":16,"column":0},"end":{"line":16,"column":43}},"16":{"start":{"line":17,"column":0},"end":{"line":17,"column":64}},"17":{"start":{"line":18,"column":0},"end":{"line":18,"column":0}},"18":{"start":{"line":19,"column":0},"end":{"line":19,"column":20}},"19":{"start":{"line":20,"column":0},"end":{"line":20,"column":0}},"20":{"start":{"line":21,"column":0},"end":{"line":21,"column":17}},"21":{"start":{"line":22,"column":0},"end":{"line":22,"column":44}},"22":{"start":{"line":23,"column":0},"end":{"line":23,"column":30}},"23":{"start":{"line":24,"column":0},"end":{"line":24,"column":51}},"24":{"start":{"line":25,"column":0},"end":{"line":25,"column":30}},"25":{"start":{"line":26,"column":0},"end":{"line":26,"column":10}},"26":{"start":{"line":27,"column":0},"end":{"line":27,"column":30}},"27":{"start":{"line":28,"column":0},"end":{"line":28,"column":3}},"28":{"start":{"line":29,"column":0},"end":{"line":29,"column":0}},"29":{"start":{"line":30,"column":0},"end":{"line":30,"column":40}},"30":{"start":{"line":31,"column":0},"end":{"line":31,"column":29}},"31":{"start":{"line":32,"column":0},"end":{"line":32,"column":0}},"32":{"start":{"line":33,"column":0},"end":{"line":33,"column":76}},"33":{"start":{"line":34,"column":0},"end":{"line":34,"column":53}},"34":{"start":{"line":35,"column":0},"end":{"line":35,"column":83}},"35":{"start":{"line":36,"column":0},"end":{"line":36,"column":53}},"36":{"start":{"line":37,"column":0},"end":{"line":37,"column":82}},"37":{"start":{"line":38,"column":0},"end":{"line":38,"column":48}},"38":{"start":{"line":39,"column":0},"end":{"line":39,"column":53}},"39":{"start":{"line":40,"column":0},"end":{"line":40,"column":14}},"40":{"start":{"line":41,"column":0},"end":{"line":41,"column":55}},"41":{"start":{"line":42,"column":0},"end":{"line":42,"column":55}},"42":{"start":{"line":43,"column":0},"end":{"line":43,"column":7}},"43":{"start":{"line":44,"column":0},"end":{"line":44,"column":5}},"44":{"start":{"line":45,"column":0},"end":{"line":45,"column":3}},"45":{"start":{"line":46,"column":0},"end":{"line":46,"column":0}},"46":{"start":{"line":47,"column":0},"end":{"line":47,"column":42}},"47":{"start":{"line":48,"column":0},"end":{"line":48,"column":2}},"48":{"start":{"line":49,"column":0},"end":{"line":49,"column":0}},"49":{"start":{"line":50,"column":0},"end":{"line":50,"column":23}}},"s":{"0":1,"1":1,"2":1,"3":1,"4":1,"5":2,"6":2,"7":2,"8":2,"9":1,"10":1,"11":1,"12":1,"13":1,"14":1,"15":1,"16":1,"17":1,"18":1,"19":1,"20":1,"21":1,"22":1,"23":1,"24":0,"25":0,"26":0,"27":0,"28":1,"29":1,"30":5,"31":5,"32":5,"33":2,"34":5,"35":1,"36":3,"37":2,"38":1,"39":1,"40":1,"41":1,"42":1,"43":2,"44":5,"45":1,"46":1,"47":1,"48":1,"49":1},"branchMap":{"0":{"type":"branch","line":5,"loc":{"start":{"line":5,"column":17},"end":{"line":9,"column":2}},"locations":[{"start":{"line":5,"column":17},"end":{"line":9,"column":2}}]},"1":{"type":"branch","line":11,"loc":{"start":{"line":11,"column":16},"end":{"line":48,"column":2}},"locations":[{"start":{"line":11,"column":16},"end":{"line":48,"column":2}}]},"2":{"type":"branch","line":24,"loc":{"start":{"line":24,"column":3},"end":{"line":28,"column":3}},"locations":[{"start":{"line":24,"column":3},"end":{"line":28,"column":3}}]},"3":{"type":"branch","line":30,"loc":{"start":{"line":30,"column":39},"end":{"line":45,"column":3}},"locations":[{"start":{"line":30,"column":39},"end":{"line":45,"column":3}}]},"4":{"type":"branch","line":33,"loc":{"start":{"line":33,"column":8},"end":{"line":33,"column":49}},"locations":[{"start":{"line":33,"column":8},"end":{"line":33,"column":49}}]},"5":{"type":"branch","line":33,"loc":{"start":{"line":33,"column":75},"end":{"line":35,"column":11}},"locations":[{"start":{"line":33,"column":75},"end":{"line":35,"column":11}}]},"6":{"type":"branch","line":35,"loc":{"start":{"line":35,"column":5},"end":{"line":44,"column":5}},"locations":[{"start":{"line":35,"column":5},"end":{"line":44,"column":5}}]},"7":{"type":"branch","line":35,"loc":{"start":{"line":35,"column":15},"end":{"line":35,"column":56}},"locations":[{"start":{"line":35,"column":15},"end":{"line":35,"column":56}}]},"8":{"type":"branch","line":35,"loc":{"start":{"line":35,"column":82},"end":{"line":37,"column":11}},"locations":[{"start":{"line":35,"column":82},"end":{"line":37,"column":11}}]},"9":{"type":"branch","line":37,"loc":{"start":{"line":37,"column":5},"end":{"line":44,"column":5}},"locations":[{"start":{"line":37,"column":5},"end":{"line":44,"column":5}}]},"10":{"type":"branch","line":38,"loc":{"start":{"line":38,"column":47},"end":{"line":43,"column":7}},"locations":[{"start":{"line":38,"column":47},"end":{"line":43,"column":7}}]}},"b":{"0":[2],"1":[1],"2":[0],"3":[5],"4":[4],"5":[2],"6":[3],"7":[1],"8":[1],"9":[2],"10":[1]},"fnMap":{"0":{"name":"getData","decl":{"start":{"line":5,"column":17},"end":{"line":9,"column":2}},"loc":{"start":{"line":5,"column":17},"end":{"line":9,"column":2}},"line":5},"1":{"name":"genDiff","decl":{"start":{"line":11,"column":16},"end":{"line":48,"column":2}},"loc":{"start":{"line":11,"column":16},"end":{"line":48,"column":2}},"line":11}},"f":{"0":2,"1":1}}
}
