TN:
SF:src/getFixturePathFile.js
FN:5,getFixturePathFile
FNF:1
FNH:1
FNDA:4,getFixturePathFile
DA:1,1
DA:2,1
DA:3,1
DA:4,1
DA:5,1
DA:6,4
DA:7,4
DA:8,4
DA:9,4
DA:10,4
DA:11,1
DA:12,1
LF:12
LH:12
BRDA:5,0,0,4
BRF:1
BRH:1
end_of_record
TN:
SF:src/parsers.js
FN:4,parse
FNF:1
FNH:1
FNDA:4,parse
DA:1,1
DA:2,1
DA:3,1
DA:4,1
DA:5,4
DA:6,4
DA:7,4
DA:8,4
DA:9,2
DA:10,2
DA:11,2
DA:12,2
DA:13,4
DA:14,4
DA:15,4
DA:16,1
DA:17,1
LF:17
LH:17
BRDA:4,0,0,4
BRDA:8,1,0,2
BRDA:10,2,0,1
BRF:3
BRH:3
end_of_record
TN:
SF:src/utils.js
FN:6,prepareData
FN:8,getData
FN:15,genDiff
FNF:3
FNH:3
FNDA:4,prepareData
FNDA:4,getData
FNDA:2,genDiff
DA:1,1
DA:2,1
DA:3,1
DA:4,1
DA:5,1
DA:6,1
DA:7,1
DA:8,1
DA:9,4
DA:10,4
DA:11,4
DA:12,4
DA:13,4
DA:14,1
DA:15,1
DA:16,2
DA:17,2
DA:18,2
DA:19,2
DA:20,2
DA:21,2
DA:22,2
DA:23,2
DA:24,2
DA:25,2
DA:26,12
DA:27,12
DA:28,12
DA:29,4
DA:30,12
DA:31,2
DA:32,8
DA:33,4
DA:34,2
DA:35,2
DA:36,2
DA:37,2
DA:38,2
DA:39,4
DA:40,12
DA:41,2
DA:42,2
DA:43,2
DA:44,1
DA:45,1
LF:45
LH:45
BRDA:6,0,0,4
BRDA:8,1,0,4
BRDA:15,2,0,2
BRDA:25,3,0,12
BRDA:28,4,0,8
BRDA:28,5,0,4
BRDA:30,6,0,8
BRDA:30,7,0,4
BRDA:30,8,0,2
BRDA:32,9,0,6
BRDA:32,10,0,4
BRDA:32,11,0,4
BRDA:33,12,0,2
BRF:13
BRH:13
end_of_record
