TN:
SF:src/utils.js
FN:5,getData
FN:11,genDiff
FNF:2
FNH:2
FNDA:2,getData
FNDA:1,genDiff
DA:1,1
DA:2,1
DA:3,1
DA:4,1
DA:5,1
DA:6,2
DA:7,2
DA:8,2
DA:9,2
DA:10,1
DA:11,1
DA:12,1
DA:13,1
DA:14,1
DA:15,1
DA:16,1
DA:17,1
DA:18,1
DA:19,1
DA:20,1
DA:21,1
DA:22,6
DA:23,6
DA:24,6
DA:25,2
DA:26,6
DA:27,1
DA:28,4
DA:29,2
DA:30,1
DA:31,1
DA:32,1
DA:33,1
DA:34,1
DA:35,2
DA:36,6
DA:37,1
DA:38,1
DA:39,1
DA:40,1
DA:41,1
LF:41
LH:41
BRDA:5,0,0,2
BRDA:11,1,0,1
BRDA:21,2,0,6
BRDA:24,3,0,4
BRDA:24,4,0,2
BRDA:26,5,0,4
BRDA:26,6,0,2
BRDA:26,7,0,1
BRDA:28,8,0,3
BRDA:28,9,0,2
BRDA:28,10,0,2
BRDA:29,11,0,1
BRF:12
BRH:12
end_of_record
